2023-02-20 09:52:41.787 [info] Log level: Info
2023-02-20 09:52:41.787 [info] Validating found git in: "git"
2023-02-20 09:52:41.787 [info] Using git "2.25.1" from "git"
2023-02-20 09:52:41.787 [info] > git rev-parse --show-toplevel [6ms]
2023-02-20 09:52:41.787 [info] fatal: not a git repository (or any of the parent directories): .git
2023-02-20 09:52:41.787 [info] > git rev-parse --show-toplevel [2ms]
2023-02-20 09:52:41.787 [info] fatal: not a git repository (or any of the parent directories): .git
2023-02-20 09:52:41.787 [info] > git rev-parse --show-toplevel [2ms]
2023-02-20 09:52:41.787 [info] fatal: not a git repository (or any of the parent directories): .git
2023-02-20 09:52:41.787 [info] > git rev-parse --show-toplevel [2ms]
2023-02-20 09:52:41.787 [info] fatal: not a git repository (or any of the parent directories): .git
2023-02-20 09:52:41.787 [info] > git rev-parse --show-toplevel [12ms]
2023-02-20 09:52:41.787 [info] fatal: not a git repository (or any of the parent directories): .git
2023-02-20 09:52:41.787 [info] > git rev-parse --show-toplevel [2ms]
2023-02-20 09:52:41.787 [info] fatal: not a git repository (or any of the parent directories): .git
2023-02-20 09:52:41.787 [info] > git rev-parse --show-toplevel [1ms]
2023-02-20 09:52:41.787 [info] fatal: not a git repository (or any of the parent directories): .git
2023-02-20 09:52:41.787 [info] > git rev-parse --show-toplevel [2ms]
2023-02-20 09:52:41.787 [info] fatal: not a git repository (or any of the parent directories): .git
2023-02-20 09:53:00.396 [info] > git rev-parse --show-toplevel [2ms]
2023-02-20 09:53:00.396 [info] fatal: not a git repository (or any of the parent directories): .git
